make --dry-run --always-make --keep-going --print-directory
make: Entering directory '/home/nguyenvh/Documents/ensi/2A/s7/os_project_save'
gcc -D_REENTRANT -I./include -Wall -Wextra -pedantic -O2 -g src/monitor/main.c -o src/monitor/main.o -c
gcc -D_REENTRANT -I./include -Wall -Wextra -pedantic -O2 -g src/monitor/monitor.c -o src/monitor/monitor.o -c
gcc -D_REENTRANT -I./include -Wall -Wextra -pedantic -O2 -g src/monitor/monitor_common.c -o src/monitor/monitor_common.o -c
gcc -D_REENTRANT -I./include -Wall -Wextra -pedantic -O2 -g src/common/logger.c -o src/common/logger.o -c
gcc -D_REENTRANT -I./include -Wall -Wextra -pedantic -O2 -g src/common/posix_semaphore.c -o src/common/posix_semaphore.o -c
gcc src/monitor/main.o src/monitor/monitor.o src/monitor/monitor_common.o src/common/logger.o src/common/posix_semaphore.o -o bin/monitor -lncurses -lpthread -lrt -lm
gcc -D_REENTRANT -I./include -Wall -Wextra -pedantic -O2 -g src/spy_simulation/spy_simulation.c -o src/spy_simulation/spy_simulation.o -c
gcc -D_REENTRANT -I./include -Wall -Wextra -pedantic -O2 -g src/spy_simulation/main.c -o src/spy_simulation/main.o -c
gcc -D_REENTRANT -I./include -Wall -Wextra -pedantic -O2 -g src/timer/timer.c -o src/timer/timer.o -c
gcc -D_REENTRANT -I./include -Wall -Wextra -pedantic -O2 -g src/common/cipher.c -o src/common/cipher.o -c
gcc src/spy_simulation/spy_simulation.o src/common/posix_semaphore.o src/spy_simulation/main.o src/timer/timer.o src/common/cipher.o -o bin/spy_simulation -lncurses -lpthread -lrt -lm
gcc -D_REENTRANT -I./include -Wall -Wextra -pedantic -O2 -g src/timer/main.c -o src/timer/main.o -c
gcc src/timer/timer.o src/common/posix_semaphore.o src/timer/main.o -o bin/timer -lncurses -lpthread -lrt -lm
gcc -D_REENTRANT -I./include -Wall -Wextra -pedantic -O2 -g src/enemy_spy_network/enemy_spy_network.c -o src/enemy_spy_network/enemy_spy_network.o -c
gcc -D_REENTRANT -I./include -Wall -Wextra -pedantic -O2 -g src/enemy_spy_network/main.c -o src/enemy_spy_network/main.o -c
gcc src/enemy_spy_network/enemy_spy_network.o src/common/posix_semaphore.o src/enemy_spy_network/main.o src/common/cipher.o -o bin/enemy_spy_network -lncurses -lpthread -lrt -lm
gcc -D_REENTRANT -I./include -Wall -Wextra -pedantic -O2 -g src/citizen_manager/citizen_manager.c -o src/citizen_manager/citizen_manager.o -c
gcc -D_REENTRANT -I./include -Wall -Wextra -pedantic -O2 -g src/citizen_manager/main.c -o src/citizen_manager/main.o -c
gcc src/citizen_manager/citizen_manager.o src/common/posix_semaphore.o src/citizen_manager/main.o src/timer/timer.o -o bin/citizen_manager -lncurses -lpthread -lrt -lm
gcc -D_REENTRANT -I./include -Wall -Wextra -pedantic -O2 -g src/counter_intelligence/counter_intelligence.c -o src/counter_intelligence/counter_intelligence.o -c
gcc -D_REENTRANT -I./include -Wall -Wextra -pedantic -O2 -g src/counter_intelligence/main.c -o src/counter_intelligence/main.o -c
gcc src/counter_intelligence/counter_intelligence.o src/common/posix_semaphore.o src/counter_intelligence/main.o -o bin/counter_intelligence -lncurses -lpthread -lrt -lm
gcc -D_REENTRANT -I./include -Wall -Wextra -pedantic -O2 -g src/enemy_country/enemy_country.c -o src/enemy_country/enemy_country.o -c
gcc -D_REENTRANT -I./include -Wall -Wextra -pedantic -O2 -g src/enemy_country/main.c -o src/enemy_country/main.o -c
gcc src/enemy_country/enemy_country.o src/common/posix_semaphore.o src/enemy_country/main.o src/common/cipher.o src/timer/timer.o -o bin/enemy_country -lncurses -lpthread -lrt -lm
make: Leaving directory '/home/nguyenvh/Documents/ensi/2A/s7/os_project_save'
 
